   0  $accept : programa $end

   1  programa : lista_definiciones main

   2  llaves_array : '[' CTE_ENTERA ']'
   3               | '[' CTE_ENTERA ']' llaves_array

   4  array : llaves_array tipo

   5  struct : STRUCT '{' lista_campos '}'

   6  campo : lista_id tipo ';'

   7  lista_campos : lista_campos campo
   8               | campo

   9  tipo : INT
  10       | FLOAT
  11       | CHAR
  12       | array
  13       | struct

  14  tipo_simple : INT
  15              | FLOAT
  16              | CHAR

  17  lista_definiciones : lista_definiciones definicion
  18                     |

  19  lista_def_variables : lista_def_variables def_variable_completa
  20                      |

  21  definicion : def_variable_completa
  22             | def_funcion

  23  def_variable_completa : VAR lista_id tipo ';'

  24  def_variable : ID tipo

  25  lista_id : lista_id ',' ID
  26           | ID

  27  lista_parametro_tipo_funcion : lista_parametro_tipo
  28                               |

  29  lista_parametro_tipo : lista_parametro_tipo ',' def_variable
  30                       | def_variable

  31  tipo_funcion : '(' lista_parametro_tipo_funcion ')' tipo_simple
  32               | '(' lista_parametro_tipo_funcion ')'

  33  main : FUNC main_id '(' ')' '{' lista_def_variables lista_sentencias '}'

  34  main_id : MAIN

  35  def_funcion : FUNC ID tipo_funcion '{' lista_def_variables lista_sentencias '}'

  36  lista_sentencias : lista_sentencias sentencia
  37                   |

  38  sentencia : RETURN expresion ';'
  39            | READ '(' lista_expresiones ')' ';'
  40            | WRITE '(' lista_expresiones ')' ';'
  41            | if_else
  42            | while
  43            | expresion '=' expresion ';'
  44            | expresion AND_AS expresion ';'
  45            | expresion OR_AS expresion ';'
  46            | ID '(' lista_expresiones_llamada_fun ')' ';'

  47  if_else : IF expresion '{' lista_sentencias '}' ELSE '{' lista_sentencias '}'
  48          | IF expresion '{' lista_sentencias '}'
  49          | IF '(' expresion ')' '{' lista_sentencias '}' ELSE '{' lista_sentencias '}'

  50  while : WHILE '(' expresion ')' '{' lista_sentencias '}'
  51        | WHILE expresion '{' lista_sentencias '}'

  52  lista_expresiones_llamada_fun : lista_expresiones
  53                                |

  54  lista_expresiones : lista_expresiones ',' expresion
  55                    | expresion

  56  expresion : expresion '+' expresion
  57            | expresion '*' expresion
  58            | expresion '/' expresion
  59            | expresion '-' expresion
  60            | expresion '%' expresion
  61            | expresion EQ expresion
  62            | expresion NOT_EQ expresion
  63            | expresion '>' expresion
  64            | expresion '<' expresion
  65            | expresion L_EQ expresion
  66            | expresion G_EQ expresion
  67            | expresion AND expresion
  68            | expresion OR expresion
  69            | expresion AND_AS expresion
  70            | expresion OR_AS expresion
  71            | ID '(' lista_expresiones_llamada_fun ')'
  72            | tipo '(' expresion ')'
  73            | expresion '[' expresion ']'
  74            | expresion '.' ID
  75            | expresion '!' expresion
  76            | '-' expresion
  77            | '(' expresion ')'
  78            | '!' expresion
  79            | ID
  80            | CTE_CHAR
  81            | CTE_REAL
  82            | CTE_ENTERA

state 0
	$accept : . programa $end  (0)
	lista_definiciones : .  (18)

	.  reduce 18

	programa  goto 1
	lista_definiciones  goto 2


state 1
	$accept : programa . $end  (0)

	$end  accept


state 2
	programa : lista_definiciones . main  (1)
	lista_definiciones : lista_definiciones . definicion  (17)

	VAR  shift 3
	FUNC  shift 4
	.  error

	main  goto 5
	definicion  goto 6
	def_variable_completa  goto 7
	def_funcion  goto 8


state 3
	def_variable_completa : VAR . lista_id tipo ';'  (23)

	ID  shift 9
	.  error

	lista_id  goto 10


state 4
	main : FUNC . main_id '(' ')' '{' lista_def_variables lista_sentencias '}'  (33)
	def_funcion : FUNC . ID tipo_funcion '{' lista_def_variables lista_sentencias '}'  (35)

	ID  shift 11
	MAIN  shift 12
	.  error

	main_id  goto 13


state 5
	programa : lista_definiciones main .  (1)

	.  reduce 1


state 6
	lista_definiciones : lista_definiciones definicion .  (17)

	.  reduce 17


state 7
	definicion : def_variable_completa .  (21)

	.  reduce 21


state 8
	definicion : def_funcion .  (22)

	.  reduce 22


state 9
	lista_id : ID .  (26)

	.  reduce 26


state 10
	def_variable_completa : VAR lista_id . tipo ';'  (23)
	lista_id : lista_id . ',' ID  (25)

	INT  shift 14
	FLOAT  shift 15
	CHAR  shift 16
	STRUCT  shift 17
	'['  shift 18
	','  shift 19
	.  error

	llaves_array  goto 20
	array  goto 21
	tipo  goto 22
	struct  goto 23


state 11
	def_funcion : FUNC ID . tipo_funcion '{' lista_def_variables lista_sentencias '}'  (35)

	'('  shift 24
	.  error

	tipo_funcion  goto 25


state 12
	main_id : MAIN .  (34)

	.  reduce 34


state 13
	main : FUNC main_id . '(' ')' '{' lista_def_variables lista_sentencias '}'  (33)

	'('  shift 26
	.  error


state 14
	tipo : INT .  (9)

	.  reduce 9


state 15
	tipo : FLOAT .  (10)

	.  reduce 10


state 16
	tipo : CHAR .  (11)

	.  reduce 11


state 17
	struct : STRUCT . '{' lista_campos '}'  (5)

	'{'  shift 27
	.  error


state 18
	llaves_array : '[' . CTE_ENTERA ']'  (2)
	llaves_array : '[' . CTE_ENTERA ']' llaves_array  (3)

	CTE_ENTERA  shift 28
	.  error


state 19
	lista_id : lista_id ',' . ID  (25)

	ID  shift 29
	.  error


state 20
	array : llaves_array . tipo  (4)

	INT  shift 14
	FLOAT  shift 15
	CHAR  shift 16
	STRUCT  shift 17
	'['  shift 18
	.  error

	llaves_array  goto 20
	array  goto 21
	tipo  goto 30
	struct  goto 23


state 21
	tipo : array .  (12)

	.  reduce 12


state 22
	def_variable_completa : VAR lista_id tipo . ';'  (23)

	';'  shift 31
	.  error


state 23
	tipo : struct .  (13)

	.  reduce 13


state 24
	tipo_funcion : '(' . lista_parametro_tipo_funcion ')' tipo_simple  (31)
	tipo_funcion : '(' . lista_parametro_tipo_funcion ')'  (32)
	lista_parametro_tipo_funcion : .  (28)

	ID  shift 32
	')'  reduce 28

	def_variable  goto 33
	lista_parametro_tipo_funcion  goto 34
	lista_parametro_tipo  goto 35


state 25
	def_funcion : FUNC ID tipo_funcion . '{' lista_def_variables lista_sentencias '}'  (35)

	'{'  shift 36
	.  error


state 26
	main : FUNC main_id '(' . ')' '{' lista_def_variables lista_sentencias '}'  (33)

	')'  shift 37
	.  error


state 27
	struct : STRUCT '{' . lista_campos '}'  (5)

	ID  shift 9
	.  error

	lista_campos  goto 38
	campo  goto 39
	lista_id  goto 40


state 28
	llaves_array : '[' CTE_ENTERA . ']'  (2)
	llaves_array : '[' CTE_ENTERA . ']' llaves_array  (3)

	']'  shift 41
	.  error


state 29
	lista_id : lista_id ',' ID .  (25)

	.  reduce 25


state 30
	array : llaves_array tipo .  (4)

	.  reduce 4


state 31
	def_variable_completa : VAR lista_id tipo ';' .  (23)

	.  reduce 23


state 32
	def_variable : ID . tipo  (24)

	INT  shift 14
	FLOAT  shift 15
	CHAR  shift 16
	STRUCT  shift 17
	'['  shift 18
	.  error

	llaves_array  goto 20
	array  goto 21
	tipo  goto 42
	struct  goto 23


state 33
	lista_parametro_tipo : def_variable .  (30)

	.  reduce 30


state 34
	tipo_funcion : '(' lista_parametro_tipo_funcion . ')' tipo_simple  (31)
	tipo_funcion : '(' lista_parametro_tipo_funcion . ')'  (32)

	')'  shift 43
	.  error


state 35
	lista_parametro_tipo_funcion : lista_parametro_tipo .  (27)
	lista_parametro_tipo : lista_parametro_tipo . ',' def_variable  (29)

	','  shift 44
	')'  reduce 27


state 36
	def_funcion : FUNC ID tipo_funcion '{' . lista_def_variables lista_sentencias '}'  (35)
	lista_def_variables : .  (20)

	.  reduce 20

	lista_def_variables  goto 45


state 37
	main : FUNC main_id '(' ')' . '{' lista_def_variables lista_sentencias '}'  (33)

	'{'  shift 46
	.  error


state 38
	struct : STRUCT '{' lista_campos . '}'  (5)
	lista_campos : lista_campos . campo  (7)

	ID  shift 9
	'}'  shift 47
	.  error

	campo  goto 48
	lista_id  goto 40


state 39
	lista_campos : campo .  (8)

	.  reduce 8


state 40
	campo : lista_id . tipo ';'  (6)
	lista_id : lista_id . ',' ID  (25)

	INT  shift 14
	FLOAT  shift 15
	CHAR  shift 16
	STRUCT  shift 17
	'['  shift 18
	','  shift 19
	.  error

	llaves_array  goto 20
	array  goto 21
	tipo  goto 49
	struct  goto 23


state 41
	llaves_array : '[' CTE_ENTERA ']' .  (2)
	llaves_array : '[' CTE_ENTERA ']' . llaves_array  (3)

	.  reduce 2

	llaves_array  goto 50


state 42
	def_variable : ID tipo .  (24)

	.  reduce 24


state 43
	tipo_funcion : '(' lista_parametro_tipo_funcion ')' . tipo_simple  (31)
	tipo_funcion : '(' lista_parametro_tipo_funcion ')' .  (32)

	INT  shift 51
	FLOAT  shift 52
	CHAR  shift 53
	'{'  reduce 32

	tipo_simple  goto 54


state 44
	lista_parametro_tipo : lista_parametro_tipo ',' . def_variable  (29)

	ID  shift 32
	.  error

	def_variable  goto 55


state 45
	lista_def_variables : lista_def_variables . def_variable_completa  (19)
	def_funcion : FUNC ID tipo_funcion '{' lista_def_variables . lista_sentencias '}'  (35)
	lista_sentencias : .  (37)

	VAR  shift 3
	CTE_ENTERA  reduce 37
	CTE_CHAR  reduce 37
	CTE_REAL  reduce 37
	ID  reduce 37
	READ  reduce 37
	WRITE  reduce 37
	WHILE  reduce 37
	IF  reduce 37
	INT  reduce 37
	FLOAT  reduce 37
	CHAR  reduce 37
	STRUCT  reduce 37
	RETURN  reduce 37
	'-'  reduce 37
	'!'  reduce 37
	'['  reduce 37
	'}'  reduce 37
	'('  reduce 37

	def_variable_completa  goto 56
	lista_sentencias  goto 57


state 46
	main : FUNC main_id '(' ')' '{' . lista_def_variables lista_sentencias '}'  (33)
	lista_def_variables : .  (20)

	.  reduce 20

	lista_def_variables  goto 58


state 47
	struct : STRUCT '{' lista_campos '}' .  (5)

	.  reduce 5


state 48
	lista_campos : lista_campos campo .  (7)

	.  reduce 7


state 49
	campo : lista_id tipo . ';'  (6)

	';'  shift 59
	.  error


state 50
	llaves_array : '[' CTE_ENTERA ']' llaves_array .  (3)

	.  reduce 3


state 51
	tipo_simple : INT .  (14)

	.  reduce 14


state 52
	tipo_simple : FLOAT .  (15)

	.  reduce 15


state 53
	tipo_simple : CHAR .  (16)

	.  reduce 16


state 54
	tipo_funcion : '(' lista_parametro_tipo_funcion ')' tipo_simple .  (31)

	.  reduce 31


state 55
	lista_parametro_tipo : lista_parametro_tipo ',' def_variable .  (29)

	.  reduce 29


state 56
	lista_def_variables : lista_def_variables def_variable_completa .  (19)

	.  reduce 19


state 57
	def_funcion : FUNC ID tipo_funcion '{' lista_def_variables lista_sentencias . '}'  (35)
	lista_sentencias : lista_sentencias . sentencia  (36)

	CTE_ENTERA  shift 60
	CTE_CHAR  shift 61
	CTE_REAL  shift 62
	ID  shift 63
	READ  shift 64
	WRITE  shift 65
	WHILE  shift 66
	IF  shift 67
	INT  shift 14
	FLOAT  shift 15
	CHAR  shift 16
	STRUCT  shift 17
	RETURN  shift 68
	'-'  shift 69
	'!'  shift 70
	'['  shift 18
	'}'  shift 71
	'('  shift 72
	.  error

	llaves_array  goto 20
	array  goto 21
	tipo  goto 73
	struct  goto 23
	sentencia  goto 74
	expresion  goto 75
	if_else  goto 76
	while  goto 77


state 58
	lista_def_variables : lista_def_variables . def_variable_completa  (19)
	main : FUNC main_id '(' ')' '{' lista_def_variables . lista_sentencias '}'  (33)
	lista_sentencias : .  (37)

	VAR  shift 3
	CTE_ENTERA  reduce 37
	CTE_CHAR  reduce 37
	CTE_REAL  reduce 37
	ID  reduce 37
	READ  reduce 37
	WRITE  reduce 37
	WHILE  reduce 37
	IF  reduce 37
	INT  reduce 37
	FLOAT  reduce 37
	CHAR  reduce 37
	STRUCT  reduce 37
	RETURN  reduce 37
	'-'  reduce 37
	'!'  reduce 37
	'['  reduce 37
	'}'  reduce 37
	'('  reduce 37

	def_variable_completa  goto 56
	lista_sentencias  goto 78


state 59
	campo : lista_id tipo ';' .  (6)

	.  reduce 6


state 60
	expresion : CTE_ENTERA .  (82)

	.  reduce 82


state 61
	expresion : CTE_CHAR .  (80)

	.  reduce 80


state 62
	expresion : CTE_REAL .  (81)

	.  reduce 81


state 63
	sentencia : ID . '(' lista_expresiones_llamada_fun ')' ';'  (46)
	expresion : ID . '(' lista_expresiones_llamada_fun ')'  (71)
	expresion : ID .  (79)

	'('  shift 79
	NOT_EQ  reduce 79
	AND  reduce 79
	OR  reduce 79
	EQ  reduce 79
	L_EQ  reduce 79
	G_EQ  reduce 79
	AND_AS  reduce 79
	OR_AS  reduce 79
	'='  reduce 79
	'>'  reduce 79
	'<'  reduce 79
	'+'  reduce 79
	'-'  reduce 79
	'*'  reduce 79
	'/'  reduce 79
	'%'  reduce 79
	'!'  reduce 79
	'['  reduce 79
	'.'  reduce 79


state 64
	sentencia : READ . '(' lista_expresiones ')' ';'  (39)

	'('  shift 80
	.  error


state 65
	sentencia : WRITE . '(' lista_expresiones ')' ';'  (40)

	'('  shift 81
	.  error


state 66
	while : WHILE . '(' expresion ')' '{' lista_sentencias '}'  (50)
	while : WHILE . expresion '{' lista_sentencias '}'  (51)

	CTE_ENTERA  shift 60
	CTE_CHAR  shift 61
	CTE_REAL  shift 62
	ID  shift 82
	INT  shift 14
	FLOAT  shift 15
	CHAR  shift 16
	STRUCT  shift 17
	'-'  shift 69
	'!'  shift 70
	'['  shift 18
	'('  shift 83
	.  error

	llaves_array  goto 20
	array  goto 21
	tipo  goto 73
	struct  goto 23
	expresion  goto 84


state 67
	if_else : IF . expresion '{' lista_sentencias '}' ELSE '{' lista_sentencias '}'  (47)
	if_else : IF . expresion '{' lista_sentencias '}'  (48)
	if_else : IF . '(' expresion ')' '{' lista_sentencias '}' ELSE '{' lista_sentencias '}'  (49)

	CTE_ENTERA  shift 60
	CTE_CHAR  shift 61
	CTE_REAL  shift 62
	ID  shift 82
	INT  shift 14
	FLOAT  shift 15
	CHAR  shift 16
	STRUCT  shift 17
	'-'  shift 69
	'!'  shift 70
	'['  shift 18
	'('  shift 85
	.  error

	llaves_array  goto 20
	array  goto 21
	tipo  goto 73
	struct  goto 23
	expresion  goto 86


state 68
	sentencia : RETURN . expresion ';'  (38)

	CTE_ENTERA  shift 60
	CTE_CHAR  shift 61
	CTE_REAL  shift 62
	ID  shift 82
	INT  shift 14
	FLOAT  shift 15
	CHAR  shift 16
	STRUCT  shift 17
	'-'  shift 69
	'!'  shift 70
	'['  shift 18
	'('  shift 72
	.  error

	llaves_array  goto 20
	array  goto 21
	tipo  goto 73
	struct  goto 23
	expresion  goto 87


state 69
	expresion : '-' . expresion  (76)

	CTE_ENTERA  shift 60
	CTE_CHAR  shift 61
	CTE_REAL  shift 62
	ID  shift 82
	INT  shift 14
	FLOAT  shift 15
	CHAR  shift 16
	STRUCT  shift 17
	'-'  shift 69
	'!'  shift 70
	'['  shift 18
	'('  shift 72
	.  error

	llaves_array  goto 20
	array  goto 21
	tipo  goto 73
	struct  goto 23
	expresion  goto 88


state 70
	expresion : '!' . expresion  (78)

	CTE_ENTERA  shift 60
	CTE_CHAR  shift 61
	CTE_REAL  shift 62
	ID  shift 82
	INT  shift 14
	FLOAT  shift 15
	CHAR  shift 16
	STRUCT  shift 17
	'-'  shift 69
	'!'  shift 70
	'['  shift 18
	'('  shift 72
	.  error

	llaves_array  goto 20
	array  goto 21
	tipo  goto 73
	struct  goto 23
	expresion  goto 89


state 71
	def_funcion : FUNC ID tipo_funcion '{' lista_def_variables lista_sentencias '}' .  (35)

	.  reduce 35


state 72
	expresion : '(' . expresion ')'  (77)

	CTE_ENTERA  shift 60
	CTE_CHAR  shift 61
	CTE_REAL  shift 62
	ID  shift 82
	INT  shift 14
	FLOAT  shift 15
	CHAR  shift 16
	STRUCT  shift 17
	'-'  shift 69
	'!'  shift 70
	'['  shift 18
	'('  shift 72
	.  error

	llaves_array  goto 20
	array  goto 21
	tipo  goto 73
	struct  goto 23
	expresion  goto 90


state 73
	expresion : tipo . '(' expresion ')'  (72)

	'('  shift 91
	.  error


state 74
	lista_sentencias : lista_sentencias sentencia .  (36)

	.  reduce 36


state 75
	sentencia : expresion . '=' expresion ';'  (43)
	sentencia : expresion . AND_AS expresion ';'  (44)
	sentencia : expresion . OR_AS expresion ';'  (45)
	expresion : expresion . '+' expresion  (56)
	expresion : expresion . '*' expresion  (57)
	expresion : expresion . '/' expresion  (58)
	expresion : expresion . '-' expresion  (59)
	expresion : expresion . '%' expresion  (60)
	expresion : expresion . EQ expresion  (61)
	expresion : expresion . NOT_EQ expresion  (62)
	expresion : expresion . '>' expresion  (63)
	expresion : expresion . '<' expresion  (64)
	expresion : expresion . L_EQ expresion  (65)
	expresion : expresion . G_EQ expresion  (66)
	expresion : expresion . AND expresion  (67)
	expresion : expresion . OR expresion  (68)
	expresion : expresion . AND_AS expresion  (69)
	expresion : expresion . OR_AS expresion  (70)
	expresion : expresion . '[' expresion ']'  (73)
	expresion : expresion . '.' ID  (74)
	expresion : expresion . '!' expresion  (75)

	NOT_EQ  shift 92
	AND  shift 93
	OR  shift 94
	EQ  shift 95
	L_EQ  shift 96
	G_EQ  shift 97
	AND_AS  shift 98
	OR_AS  shift 99
	'='  shift 100
	'>'  shift 101
	'<'  shift 102
	'+'  shift 103
	'-'  shift 104
	'*'  shift 105
	'/'  shift 106
	'%'  shift 107
	'!'  shift 108
	'['  shift 109
	'.'  shift 110
	.  error


state 76
	sentencia : if_else .  (41)

	.  reduce 41


state 77
	sentencia : while .  (42)

	.  reduce 42


state 78
	main : FUNC main_id '(' ')' '{' lista_def_variables lista_sentencias . '}'  (33)
	lista_sentencias : lista_sentencias . sentencia  (36)

	CTE_ENTERA  shift 60
	CTE_CHAR  shift 61
	CTE_REAL  shift 62
	ID  shift 63
	READ  shift 64
	WRITE  shift 65
	WHILE  shift 66
	IF  shift 67
	INT  shift 14
	FLOAT  shift 15
	CHAR  shift 16
	STRUCT  shift 17
	RETURN  shift 68
	'-'  shift 69
	'!'  shift 70
	'['  shift 18
	'}'  shift 111
	'('  shift 72
	.  error

	llaves_array  goto 20
	array  goto 21
	tipo  goto 73
	struct  goto 23
	sentencia  goto 74
	expresion  goto 75
	if_else  goto 76
	while  goto 77


state 79
	sentencia : ID '(' . lista_expresiones_llamada_fun ')' ';'  (46)
	expresion : ID '(' . lista_expresiones_llamada_fun ')'  (71)
	lista_expresiones_llamada_fun : .  (53)

	CTE_ENTERA  shift 60
	CTE_CHAR  shift 61
	CTE_REAL  shift 62
	ID  shift 82
	INT  shift 14
	FLOAT  shift 15
	CHAR  shift 16
	STRUCT  shift 17
	'-'  shift 69
	'!'  shift 70
	'['  shift 18
	'('  shift 72
	')'  reduce 53

	llaves_array  goto 20
	array  goto 21
	tipo  goto 73
	struct  goto 23
	expresion  goto 112
	lista_expresiones  goto 113
	lista_expresiones_llamada_fun  goto 114


state 80
	sentencia : READ '(' . lista_expresiones ')' ';'  (39)

	CTE_ENTERA  shift 60
	CTE_CHAR  shift 61
	CTE_REAL  shift 62
	ID  shift 82
	INT  shift 14
	FLOAT  shift 15
	CHAR  shift 16
	STRUCT  shift 17
	'-'  shift 69
	'!'  shift 70
	'['  shift 18
	'('  shift 72
	.  error

	llaves_array  goto 20
	array  goto 21
	tipo  goto 73
	struct  goto 23
	expresion  goto 112
	lista_expresiones  goto 115


state 81
	sentencia : WRITE '(' . lista_expresiones ')' ';'  (40)

	CTE_ENTERA  shift 60
	CTE_CHAR  shift 61
	CTE_REAL  shift 62
	ID  shift 82
	INT  shift 14
	FLOAT  shift 15
	CHAR  shift 16
	STRUCT  shift 17
	'-'  shift 69
	'!'  shift 70
	'['  shift 18
	'('  shift 72
	.  error

	llaves_array  goto 20
	array  goto 21
	tipo  goto 73
	struct  goto 23
	expresion  goto 112
	lista_expresiones  goto 116


state 82
	expresion : ID . '(' lista_expresiones_llamada_fun ')'  (71)
	expresion : ID .  (79)

	'('  shift 117
	NOT_EQ  reduce 79
	AND  reduce 79
	OR  reduce 79
	EQ  reduce 79
	L_EQ  reduce 79
	G_EQ  reduce 79
	AND_AS  reduce 79
	OR_AS  reduce 79
	'='  reduce 79
	'>'  reduce 79
	'<'  reduce 79
	'+'  reduce 79
	'-'  reduce 79
	'*'  reduce 79
	'/'  reduce 79
	'%'  reduce 79
	'!'  reduce 79
	'['  reduce 79
	']'  reduce 79
	'{'  reduce 79
	'.'  reduce 79
	')'  reduce 79
	';'  reduce 79
	','  reduce 79


state 83
	while : WHILE '(' . expresion ')' '{' lista_sentencias '}'  (50)
	expresion : '(' . expresion ')'  (77)

	CTE_ENTERA  shift 60
	CTE_CHAR  shift 61
	CTE_REAL  shift 62
	ID  shift 82
	INT  shift 14
	FLOAT  shift 15
	CHAR  shift 16
	STRUCT  shift 17
	'-'  shift 69
	'!'  shift 70
	'['  shift 18
	'('  shift 72
	.  error

	llaves_array  goto 20
	array  goto 21
	tipo  goto 73
	struct  goto 23
	expresion  goto 118


state 84
	while : WHILE expresion . '{' lista_sentencias '}'  (51)
	expresion : expresion . '+' expresion  (56)
	expresion : expresion . '*' expresion  (57)
	expresion : expresion . '/' expresion  (58)
	expresion : expresion . '-' expresion  (59)
	expresion : expresion . '%' expresion  (60)
	expresion : expresion . EQ expresion  (61)
	expresion : expresion . NOT_EQ expresion  (62)
	expresion : expresion . '>' expresion  (63)
	expresion : expresion . '<' expresion  (64)
	expresion : expresion . L_EQ expresion  (65)
	expresion : expresion . G_EQ expresion  (66)
	expresion : expresion . AND expresion  (67)
	expresion : expresion . OR expresion  (68)
	expresion : expresion . AND_AS expresion  (69)
	expresion : expresion . OR_AS expresion  (70)
	expresion : expresion . '[' expresion ']'  (73)
	expresion : expresion . '.' ID  (74)
	expresion : expresion . '!' expresion  (75)

	NOT_EQ  shift 92
	AND  shift 93
	OR  shift 94
	EQ  shift 95
	L_EQ  shift 96
	G_EQ  shift 97
	AND_AS  shift 119
	OR_AS  shift 120
	'>'  shift 101
	'<'  shift 102
	'+'  shift 103
	'-'  shift 104
	'*'  shift 105
	'/'  shift 106
	'%'  shift 107
	'!'  shift 108
	'['  shift 109
	'{'  shift 121
	'.'  shift 110
	.  error


state 85
	if_else : IF '(' . expresion ')' '{' lista_sentencias '}' ELSE '{' lista_sentencias '}'  (49)
	expresion : '(' . expresion ')'  (77)

	CTE_ENTERA  shift 60
	CTE_CHAR  shift 61
	CTE_REAL  shift 62
	ID  shift 82
	INT  shift 14
	FLOAT  shift 15
	CHAR  shift 16
	STRUCT  shift 17
	'-'  shift 69
	'!'  shift 70
	'['  shift 18
	'('  shift 72
	.  error

	llaves_array  goto 20
	array  goto 21
	tipo  goto 73
	struct  goto 23
	expresion  goto 122


state 86
	if_else : IF expresion . '{' lista_sentencias '}' ELSE '{' lista_sentencias '}'  (47)
	if_else : IF expresion . '{' lista_sentencias '}'  (48)
	expresion : expresion . '+' expresion  (56)
	expresion : expresion . '*' expresion  (57)
	expresion : expresion . '/' expresion  (58)
	expresion : expresion . '-' expresion  (59)
	expresion : expresion . '%' expresion  (60)
	expresion : expresion . EQ expresion  (61)
	expresion : expresion . NOT_EQ expresion  (62)
	expresion : expresion . '>' expresion  (63)
	expresion : expresion . '<' expresion  (64)
	expresion : expresion . L_EQ expresion  (65)
	expresion : expresion . G_EQ expresion  (66)
	expresion : expresion . AND expresion  (67)
	expresion : expresion . OR expresion  (68)
	expresion : expresion . AND_AS expresion  (69)
	expresion : expresion . OR_AS expresion  (70)
	expresion : expresion . '[' expresion ']'  (73)
	expresion : expresion . '.' ID  (74)
	expresion : expresion . '!' expresion  (75)

	NOT_EQ  shift 92
	AND  shift 93
	OR  shift 94
	EQ  shift 95
	L_EQ  shift 96
	G_EQ  shift 97
	AND_AS  shift 119
	OR_AS  shift 120
	'>'  shift 101
	'<'  shift 102
	'+'  shift 103
	'-'  shift 104
	'*'  shift 105
	'/'  shift 106
	'%'  shift 107
	'!'  shift 108
	'['  shift 109
	'{'  shift 123
	'.'  shift 110
	.  error


state 87
	sentencia : RETURN expresion . ';'  (38)
	expresion : expresion . '+' expresion  (56)
	expresion : expresion . '*' expresion  (57)
	expresion : expresion . '/' expresion  (58)
	expresion : expresion . '-' expresion  (59)
	expresion : expresion . '%' expresion  (60)
	expresion : expresion . EQ expresion  (61)
	expresion : expresion . NOT_EQ expresion  (62)
	expresion : expresion . '>' expresion  (63)
	expresion : expresion . '<' expresion  (64)
	expresion : expresion . L_EQ expresion  (65)
	expresion : expresion . G_EQ expresion  (66)
	expresion : expresion . AND expresion  (67)
	expresion : expresion . OR expresion  (68)
	expresion : expresion . AND_AS expresion  (69)
	expresion : expresion . OR_AS expresion  (70)
	expresion : expresion . '[' expresion ']'  (73)
	expresion : expresion . '.' ID  (74)
	expresion : expresion . '!' expresion  (75)

	NOT_EQ  shift 92
	AND  shift 93
	OR  shift 94
	EQ  shift 95
	L_EQ  shift 96
	G_EQ  shift 97
	AND_AS  shift 119
	OR_AS  shift 120
	'>'  shift 101
	'<'  shift 102
	'+'  shift 103
	'-'  shift 104
	'*'  shift 105
	'/'  shift 106
	'%'  shift 107
	'!'  shift 108
	'['  shift 109
	'.'  shift 110
	';'  shift 124
	.  error


state 88
	expresion : expresion . '+' expresion  (56)
	expresion : expresion . '*' expresion  (57)
	expresion : expresion . '/' expresion  (58)
	expresion : expresion . '-' expresion  (59)
	expresion : expresion . '%' expresion  (60)
	expresion : expresion . EQ expresion  (61)
	expresion : expresion . NOT_EQ expresion  (62)
	expresion : expresion . '>' expresion  (63)
	expresion : expresion . '<' expresion  (64)
	expresion : expresion . L_EQ expresion  (65)
	expresion : expresion . G_EQ expresion  (66)
	expresion : expresion . AND expresion  (67)
	expresion : expresion . OR expresion  (68)
	expresion : expresion . AND_AS expresion  (69)
	expresion : expresion . OR_AS expresion  (70)
	expresion : expresion . '[' expresion ']'  (73)
	expresion : expresion . '.' ID  (74)
	expresion : expresion . '!' expresion  (75)
	expresion : '-' expresion .  (76)

	'['  shift 109
	'.'  shift 110
	NOT_EQ  reduce 76
	AND  reduce 76
	OR  reduce 76
	EQ  reduce 76
	L_EQ  reduce 76
	G_EQ  reduce 76
	AND_AS  reduce 76
	OR_AS  reduce 76
	'='  reduce 76
	'>'  reduce 76
	'<'  reduce 76
	'+'  reduce 76
	'-'  reduce 76
	'*'  reduce 76
	'/'  reduce 76
	'%'  reduce 76
	'!'  reduce 76
	']'  reduce 76
	'{'  reduce 76
	')'  reduce 76
	';'  reduce 76
	','  reduce 76


state 89
	expresion : expresion . '+' expresion  (56)
	expresion : expresion . '*' expresion  (57)
	expresion : expresion . '/' expresion  (58)
	expresion : expresion . '-' expresion  (59)
	expresion : expresion . '%' expresion  (60)
	expresion : expresion . EQ expresion  (61)
	expresion : expresion . NOT_EQ expresion  (62)
	expresion : expresion . '>' expresion  (63)
	expresion : expresion . '<' expresion  (64)
	expresion : expresion . L_EQ expresion  (65)
	expresion : expresion . G_EQ expresion  (66)
	expresion : expresion . AND expresion  (67)
	expresion : expresion . OR expresion  (68)
	expresion : expresion . AND_AS expresion  (69)
	expresion : expresion . OR_AS expresion  (70)
	expresion : expresion . '[' expresion ']'  (73)
	expresion : expresion . '.' ID  (74)
	expresion : expresion . '!' expresion  (75)
	expresion : '!' expresion .  (78)

	'['  shift 109
	'.'  shift 110
	NOT_EQ  reduce 78
	AND  reduce 78
	OR  reduce 78
	EQ  reduce 78
	L_EQ  reduce 78
	G_EQ  reduce 78
	AND_AS  reduce 78
	OR_AS  reduce 78
	'='  reduce 78
	'>'  reduce 78
	'<'  reduce 78
	'+'  reduce 78
	'-'  reduce 78
	'*'  reduce 78
	'/'  reduce 78
	'%'  reduce 78
	'!'  reduce 78
	']'  reduce 78
	'{'  reduce 78
	')'  reduce 78
	';'  reduce 78
	','  reduce 78


state 90
	expresion : expresion . '+' expresion  (56)
	expresion : expresion . '*' expresion  (57)
	expresion : expresion . '/' expresion  (58)
	expresion : expresion . '-' expresion  (59)
	expresion : expresion . '%' expresion  (60)
	expresion : expresion . EQ expresion  (61)
	expresion : expresion . NOT_EQ expresion  (62)
	expresion : expresion . '>' expresion  (63)
	expresion : expresion . '<' expresion  (64)
	expresion : expresion . L_EQ expresion  (65)
	expresion : expresion . G_EQ expresion  (66)
	expresion : expresion . AND expresion  (67)
	expresion : expresion . OR expresion  (68)
	expresion : expresion . AND_AS expresion  (69)
	expresion : expresion . OR_AS expresion  (70)
	expresion : expresion . '[' expresion ']'  (73)
	expresion : expresion . '.' ID  (74)
	expresion : expresion . '!' expresion  (75)
	expresion : '(' expresion . ')'  (77)

	NOT_EQ  shift 92
	AND  shift 93
	OR  shift 94
	EQ  shift 95
	L_EQ  shift 96
	G_EQ  shift 97
	AND_AS  shift 119
	OR_AS  shift 120
	'>'  shift 101
	'<'  shift 102
	'+'  shift 103
	'-'  shift 104
	'*'  shift 105
	'/'  shift 106
	'%'  shift 107
	'!'  shift 108
	'['  shift 109
	'.'  shift 110
	')'  shift 125
	.  error


state 91
	expresion : tipo '(' . expresion ')'  (72)

	CTE_ENTERA  shift 60
	CTE_CHAR  shift 61
	CTE_REAL  shift 62
	ID  shift 82
	INT  shift 14
	FLOAT  shift 15
	CHAR  shift 16
	STRUCT  shift 17
	'-'  shift 69
	'!'  shift 70
	'['  shift 18
	'('  shift 72
	.  error

	llaves_array  goto 20
	array  goto 21
	tipo  goto 73
	struct  goto 23
	expresion  goto 126


state 92
	expresion : expresion NOT_EQ . expresion  (62)

	CTE_ENTERA  shift 60
	CTE_CHAR  shift 61
	CTE_REAL  shift 62
	ID  shift 82
	INT  shift 14
	FLOAT  shift 15
	CHAR  shift 16
	STRUCT  shift 17
	'-'  shift 69
	'!'  shift 70
	'['  shift 18
	'('  shift 72
	.  error

	llaves_array  goto 20
	array  goto 21
	tipo  goto 73
	struct  goto 23
	expresion  goto 127


state 93
	expresion : expresion AND . expresion  (67)

	CTE_ENTERA  shift 60
	CTE_CHAR  shift 61
	CTE_REAL  shift 62
	ID  shift 82
	INT  shift 14
	FLOAT  shift 15
	CHAR  shift 16
	STRUCT  shift 17
	'-'  shift 69
	'!'  shift 70
	'['  shift 18
	'('  shift 72
	.  error

	llaves_array  goto 20
	array  goto 21
	tipo  goto 73
	struct  goto 23
	expresion  goto 128


state 94
	expresion : expresion OR . expresion  (68)

	CTE_ENTERA  shift 60
	CTE_CHAR  shift 61
	CTE_REAL  shift 62
	ID  shift 82
	INT  shift 14
	FLOAT  shift 15
	CHAR  shift 16
	STRUCT  shift 17
	'-'  shift 69
	'!'  shift 70
	'['  shift 18
	'('  shift 72
	.  error

	llaves_array  goto 20
	array  goto 21
	tipo  goto 73
	struct  goto 23
	expresion  goto 129


state 95
	expresion : expresion EQ . expresion  (61)

	CTE_ENTERA  shift 60
	CTE_CHAR  shift 61
	CTE_REAL  shift 62
	ID  shift 82
	INT  shift 14
	FLOAT  shift 15
	CHAR  shift 16
	STRUCT  shift 17
	'-'  shift 69
	'!'  shift 70
	'['  shift 18
	'('  shift 72
	.  error

	llaves_array  goto 20
	array  goto 21
	tipo  goto 73
	struct  goto 23
	expresion  goto 130


state 96
	expresion : expresion L_EQ . expresion  (65)

	CTE_ENTERA  shift 60
	CTE_CHAR  shift 61
	CTE_REAL  shift 62
	ID  shift 82
	INT  shift 14
	FLOAT  shift 15
	CHAR  shift 16
	STRUCT  shift 17
	'-'  shift 69
	'!'  shift 70
	'['  shift 18
	'('  shift 72
	.  error

	llaves_array  goto 20
	array  goto 21
	tipo  goto 73
	struct  goto 23
	expresion  goto 131


state 97
	expresion : expresion G_EQ . expresion  (66)

	CTE_ENTERA  shift 60
	CTE_CHAR  shift 61
	CTE_REAL  shift 62
	ID  shift 82
	INT  shift 14
	FLOAT  shift 15
	CHAR  shift 16
	STRUCT  shift 17
	'-'  shift 69
	'!'  shift 70
	'['  shift 18
	'('  shift 72
	.  error

	llaves_array  goto 20
	array  goto 21
	tipo  goto 73
	struct  goto 23
	expresion  goto 132


state 98
	sentencia : expresion AND_AS . expresion ';'  (44)
	expresion : expresion AND_AS . expresion  (69)

	CTE_ENTERA  shift 60
	CTE_CHAR  shift 61
	CTE_REAL  shift 62
	ID  shift 82
	INT  shift 14
	FLOAT  shift 15
	CHAR  shift 16
	STRUCT  shift 17
	'-'  shift 69
	'!'  shift 70
	'['  shift 18
	'('  shift 72
	.  error

	llaves_array  goto 20
	array  goto 21
	tipo  goto 73
	struct  goto 23
	expresion  goto 133


state 99
	sentencia : expresion OR_AS . expresion ';'  (45)
	expresion : expresion OR_AS . expresion  (70)

	CTE_ENTERA  shift 60
	CTE_CHAR  shift 61
	CTE_REAL  shift 62
	ID  shift 82
	INT  shift 14
	FLOAT  shift 15
	CHAR  shift 16
	STRUCT  shift 17
	'-'  shift 69
	'!'  shift 70
	'['  shift 18
	'('  shift 72
	.  error

	llaves_array  goto 20
	array  goto 21
	tipo  goto 73
	struct  goto 23
	expresion  goto 134


state 100
	sentencia : expresion '=' . expresion ';'  (43)

	CTE_ENTERA  shift 60
	CTE_CHAR  shift 61
	CTE_REAL  shift 62
	ID  shift 82
	INT  shift 14
	FLOAT  shift 15
	CHAR  shift 16
	STRUCT  shift 17
	'-'  shift 69
	'!'  shift 70
	'['  shift 18
	'('  shift 72
	.  error

	llaves_array  goto 20
	array  goto 21
	tipo  goto 73
	struct  goto 23
	expresion  goto 135


state 101
	expresion : expresion '>' . expresion  (63)

	CTE_ENTERA  shift 60
	CTE_CHAR  shift 61
	CTE_REAL  shift 62
	ID  shift 82
	INT  shift 14
	FLOAT  shift 15
	CHAR  shift 16
	STRUCT  shift 17
	'-'  shift 69
	'!'  shift 70
	'['  shift 18
	'('  shift 72
	.  error

	llaves_array  goto 20
	array  goto 21
	tipo  goto 73
	struct  goto 23
	expresion  goto 136


state 102
	expresion : expresion '<' . expresion  (64)

	CTE_ENTERA  shift 60
	CTE_CHAR  shift 61
	CTE_REAL  shift 62
	ID  shift 82
	INT  shift 14
	FLOAT  shift 15
	CHAR  shift 16
	STRUCT  shift 17
	'-'  shift 69
	'!'  shift 70
	'['  shift 18
	'('  shift 72
	.  error

	llaves_array  goto 20
	array  goto 21
	tipo  goto 73
	struct  goto 23
	expresion  goto 137


state 103
	expresion : expresion '+' . expresion  (56)

	CTE_ENTERA  shift 60
	CTE_CHAR  shift 61
	CTE_REAL  shift 62
	ID  shift 82
	INT  shift 14
	FLOAT  shift 15
	CHAR  shift 16
	STRUCT  shift 17
	'-'  shift 69
	'!'  shift 70
	'['  shift 18
	'('  shift 72
	.  error

	llaves_array  goto 20
	array  goto 21
	tipo  goto 73
	struct  goto 23
	expresion  goto 138


state 104
	expresion : expresion '-' . expresion  (59)

	CTE_ENTERA  shift 60
	CTE_CHAR  shift 61
	CTE_REAL  shift 62
	ID  shift 82
	INT  shift 14
	FLOAT  shift 15
	CHAR  shift 16
	STRUCT  shift 17
	'-'  shift 69
	'!'  shift 70
	'['  shift 18
	'('  shift 72
	.  error

	llaves_array  goto 20
	array  goto 21
	tipo  goto 73
	struct  goto 23
	expresion  goto 139


state 105
	expresion : expresion '*' . expresion  (57)

	CTE_ENTERA  shift 60
	CTE_CHAR  shift 61
	CTE_REAL  shift 62
	ID  shift 82
	INT  shift 14
	FLOAT  shift 15
	CHAR  shift 16
	STRUCT  shift 17
	'-'  shift 69
	'!'  shift 70
	'['  shift 18
	'('  shift 72
	.  error

	llaves_array  goto 20
	array  goto 21
	tipo  goto 73
	struct  goto 23
	expresion  goto 140


state 106
	expresion : expresion '/' . expresion  (58)

	CTE_ENTERA  shift 60
	CTE_CHAR  shift 61
	CTE_REAL  shift 62
	ID  shift 82
	INT  shift 14
	FLOAT  shift 15
	CHAR  shift 16
	STRUCT  shift 17
	'-'  shift 69
	'!'  shift 70
	'['  shift 18
	'('  shift 72
	.  error

	llaves_array  goto 20
	array  goto 21
	tipo  goto 73
	struct  goto 23
	expresion  goto 141


state 107
	expresion : expresion '%' . expresion  (60)

	CTE_ENTERA  shift 60
	CTE_CHAR  shift 61
	CTE_REAL  shift 62
	ID  shift 82
	INT  shift 14
	FLOAT  shift 15
	CHAR  shift 16
	STRUCT  shift 17
	'-'  shift 69
	'!'  shift 70
	'['  shift 18
	'('  shift 72
	.  error

	llaves_array  goto 20
	array  goto 21
	tipo  goto 73
	struct  goto 23
	expresion  goto 142


state 108
	expresion : expresion '!' . expresion  (75)

	CTE_ENTERA  shift 60
	CTE_CHAR  shift 61
	CTE_REAL  shift 62
	ID  shift 82
	INT  shift 14
	FLOAT  shift 15
	CHAR  shift 16
	STRUCT  shift 17
	'-'  shift 69
	'!'  shift 70
	'['  shift 18
	'('  shift 72
	.  error

	llaves_array  goto 20
	array  goto 21
	tipo  goto 73
	struct  goto 23
	expresion  goto 143


state 109
	expresion : expresion '[' . expresion ']'  (73)

	CTE_ENTERA  shift 60
	CTE_CHAR  shift 61
	CTE_REAL  shift 62
	ID  shift 82
	INT  shift 14
	FLOAT  shift 15
	CHAR  shift 16
	STRUCT  shift 17
	'-'  shift 69
	'!'  shift 70
	'['  shift 18
	'('  shift 72
	.  error

	llaves_array  goto 20
	array  goto 21
	tipo  goto 73
	struct  goto 23
	expresion  goto 144


state 110
	expresion : expresion '.' . ID  (74)

	ID  shift 145
	.  error


state 111
	main : FUNC main_id '(' ')' '{' lista_def_variables lista_sentencias '}' .  (33)

	.  reduce 33


state 112
	lista_expresiones : expresion .  (55)
	expresion : expresion . '+' expresion  (56)
	expresion : expresion . '*' expresion  (57)
	expresion : expresion . '/' expresion  (58)
	expresion : expresion . '-' expresion  (59)
	expresion : expresion . '%' expresion  (60)
	expresion : expresion . EQ expresion  (61)
	expresion : expresion . NOT_EQ expresion  (62)
	expresion : expresion . '>' expresion  (63)
	expresion : expresion . '<' expresion  (64)
	expresion : expresion . L_EQ expresion  (65)
	expresion : expresion . G_EQ expresion  (66)
	expresion : expresion . AND expresion  (67)
	expresion : expresion . OR expresion  (68)
	expresion : expresion . AND_AS expresion  (69)
	expresion : expresion . OR_AS expresion  (70)
	expresion : expresion . '[' expresion ']'  (73)
	expresion : expresion . '.' ID  (74)
	expresion : expresion . '!' expresion  (75)

	NOT_EQ  shift 92
	AND  shift 93
	OR  shift 94
	EQ  shift 95
	L_EQ  shift 96
	G_EQ  shift 97
	AND_AS  shift 119
	OR_AS  shift 120
	'>'  shift 101
	'<'  shift 102
	'+'  shift 103
	'-'  shift 104
	'*'  shift 105
	'/'  shift 106
	'%'  shift 107
	'!'  shift 108
	'['  shift 109
	'.'  shift 110
	')'  reduce 55
	','  reduce 55


state 113
	lista_expresiones_llamada_fun : lista_expresiones .  (52)
	lista_expresiones : lista_expresiones . ',' expresion  (54)

	','  shift 146
	')'  reduce 52


state 114
	sentencia : ID '(' lista_expresiones_llamada_fun . ')' ';'  (46)
	expresion : ID '(' lista_expresiones_llamada_fun . ')'  (71)

	')'  shift 147
	.  error


state 115
	sentencia : READ '(' lista_expresiones . ')' ';'  (39)
	lista_expresiones : lista_expresiones . ',' expresion  (54)

	')'  shift 148
	','  shift 146
	.  error


state 116
	sentencia : WRITE '(' lista_expresiones . ')' ';'  (40)
	lista_expresiones : lista_expresiones . ',' expresion  (54)

	')'  shift 149
	','  shift 146
	.  error


state 117
	expresion : ID '(' . lista_expresiones_llamada_fun ')'  (71)
	lista_expresiones_llamada_fun : .  (53)

	CTE_ENTERA  shift 60
	CTE_CHAR  shift 61
	CTE_REAL  shift 62
	ID  shift 82
	INT  shift 14
	FLOAT  shift 15
	CHAR  shift 16
	STRUCT  shift 17
	'-'  shift 69
	'!'  shift 70
	'['  shift 18
	'('  shift 72
	')'  reduce 53

	llaves_array  goto 20
	array  goto 21
	tipo  goto 73
	struct  goto 23
	expresion  goto 112
	lista_expresiones  goto 113
	lista_expresiones_llamada_fun  goto 150


state 118
	while : WHILE '(' expresion . ')' '{' lista_sentencias '}'  (50)
	expresion : expresion . '+' expresion  (56)
	expresion : expresion . '*' expresion  (57)
	expresion : expresion . '/' expresion  (58)
	expresion : expresion . '-' expresion  (59)
	expresion : expresion . '%' expresion  (60)
	expresion : expresion . EQ expresion  (61)
	expresion : expresion . NOT_EQ expresion  (62)
	expresion : expresion . '>' expresion  (63)
	expresion : expresion . '<' expresion  (64)
	expresion : expresion . L_EQ expresion  (65)
	expresion : expresion . G_EQ expresion  (66)
	expresion : expresion . AND expresion  (67)
	expresion : expresion . OR expresion  (68)
	expresion : expresion . AND_AS expresion  (69)
	expresion : expresion . OR_AS expresion  (70)
	expresion : expresion . '[' expresion ']'  (73)
	expresion : expresion . '.' ID  (74)
	expresion : expresion . '!' expresion  (75)
	expresion : '(' expresion . ')'  (77)

	NOT_EQ  shift 92
	AND  shift 93
	OR  shift 94
	EQ  shift 95
	L_EQ  shift 96
	G_EQ  shift 97
	AND_AS  shift 119
	OR_AS  shift 120
	'>'  shift 101
	'<'  shift 102
	'+'  shift 103
	'-'  shift 104
	'*'  shift 105
	'/'  shift 106
	'%'  shift 107
	'!'  shift 108
	'['  shift 109
	'.'  shift 110
	')'  shift 151
	.  error


state 119
	expresion : expresion AND_AS . expresion  (69)

	CTE_ENTERA  shift 60
	CTE_CHAR  shift 61
	CTE_REAL  shift 62
	ID  shift 82
	INT  shift 14
	FLOAT  shift 15
	CHAR  shift 16
	STRUCT  shift 17
	'-'  shift 69
	'!'  shift 70
	'['  shift 18
	'('  shift 72
	.  error

	llaves_array  goto 20
	array  goto 21
	tipo  goto 73
	struct  goto 23
	expresion  goto 152


state 120
	expresion : expresion OR_AS . expresion  (70)

	CTE_ENTERA  shift 60
	CTE_CHAR  shift 61
	CTE_REAL  shift 62
	ID  shift 82
	INT  shift 14
	FLOAT  shift 15
	CHAR  shift 16
	STRUCT  shift 17
	'-'  shift 69
	'!'  shift 70
	'['  shift 18
	'('  shift 72
	.  error

	llaves_array  goto 20
	array  goto 21
	tipo  goto 73
	struct  goto 23
	expresion  goto 153


state 121
	while : WHILE expresion '{' . lista_sentencias '}'  (51)
	lista_sentencias : .  (37)

	.  reduce 37

	lista_sentencias  goto 154


state 122
	if_else : IF '(' expresion . ')' '{' lista_sentencias '}' ELSE '{' lista_sentencias '}'  (49)
	expresion : expresion . '+' expresion  (56)
	expresion : expresion . '*' expresion  (57)
	expresion : expresion . '/' expresion  (58)
	expresion : expresion . '-' expresion  (59)
	expresion : expresion . '%' expresion  (60)
	expresion : expresion . EQ expresion  (61)
	expresion : expresion . NOT_EQ expresion  (62)
	expresion : expresion . '>' expresion  (63)
	expresion : expresion . '<' expresion  (64)
	expresion : expresion . L_EQ expresion  (65)
	expresion : expresion . G_EQ expresion  (66)
	expresion : expresion . AND expresion  (67)
	expresion : expresion . OR expresion  (68)
	expresion : expresion . AND_AS expresion  (69)
	expresion : expresion . OR_AS expresion  (70)
	expresion : expresion . '[' expresion ']'  (73)
	expresion : expresion . '.' ID  (74)
	expresion : expresion . '!' expresion  (75)
	expresion : '(' expresion . ')'  (77)

	NOT_EQ  shift 92
	AND  shift 93
	OR  shift 94
	EQ  shift 95
	L_EQ  shift 96
	G_EQ  shift 97
	AND_AS  shift 119
	OR_AS  shift 120
	'>'  shift 101
	'<'  shift 102
	'+'  shift 103
	'-'  shift 104
	'*'  shift 105
	'/'  shift 106
	'%'  shift 107
	'!'  shift 108
	'['  shift 109
	'.'  shift 110
	')'  shift 155
	.  error


state 123
	if_else : IF expresion '{' . lista_sentencias '}' ELSE '{' lista_sentencias '}'  (47)
	if_else : IF expresion '{' . lista_sentencias '}'  (48)
	lista_sentencias : .  (37)

	.  reduce 37

	lista_sentencias  goto 156


state 124
	sentencia : RETURN expresion ';' .  (38)

	.  reduce 38


state 125
	expresion : '(' expresion ')' .  (77)

	.  reduce 77


state 126
	expresion : expresion . '+' expresion  (56)
	expresion : expresion . '*' expresion  (57)
	expresion : expresion . '/' expresion  (58)
	expresion : expresion . '-' expresion  (59)
	expresion : expresion . '%' expresion  (60)
	expresion : expresion . EQ expresion  (61)
	expresion : expresion . NOT_EQ expresion  (62)
	expresion : expresion . '>' expresion  (63)
	expresion : expresion . '<' expresion  (64)
	expresion : expresion . L_EQ expresion  (65)
	expresion : expresion . G_EQ expresion  (66)
	expresion : expresion . AND expresion  (67)
	expresion : expresion . OR expresion  (68)
	expresion : expresion . AND_AS expresion  (69)
	expresion : expresion . OR_AS expresion  (70)
	expresion : tipo '(' expresion . ')'  (72)
	expresion : expresion . '[' expresion ']'  (73)
	expresion : expresion . '.' ID  (74)
	expresion : expresion . '!' expresion  (75)

	NOT_EQ  shift 92
	AND  shift 93
	OR  shift 94
	EQ  shift 95
	L_EQ  shift 96
	G_EQ  shift 97
	AND_AS  shift 119
	OR_AS  shift 120
	'>'  shift 101
	'<'  shift 102
	'+'  shift 103
	'-'  shift 104
	'*'  shift 105
	'/'  shift 106
	'%'  shift 107
	'!'  shift 108
	'['  shift 109
	'.'  shift 110
	')'  shift 157
	.  error


state 127
	expresion : expresion . '+' expresion  (56)
	expresion : expresion . '*' expresion  (57)
	expresion : expresion . '/' expresion  (58)
	expresion : expresion . '-' expresion  (59)
	expresion : expresion . '%' expresion  (60)
	expresion : expresion . EQ expresion  (61)
	expresion : expresion . NOT_EQ expresion  (62)
	expresion : expresion NOT_EQ expresion .  (62)
	expresion : expresion . '>' expresion  (63)
	expresion : expresion . '<' expresion  (64)
	expresion : expresion . L_EQ expresion  (65)
	expresion : expresion . G_EQ expresion  (66)
	expresion : expresion . AND expresion  (67)
	expresion : expresion . OR expresion  (68)
	expresion : expresion . AND_AS expresion  (69)
	expresion : expresion . OR_AS expresion  (70)
	expresion : expresion . '[' expresion ']'  (73)
	expresion : expresion . '.' ID  (74)
	expresion : expresion . '!' expresion  (75)

	L_EQ  shift 96
	G_EQ  shift 97
	'>'  shift 101
	'<'  shift 102
	'+'  shift 103
	'-'  shift 104
	'*'  shift 105
	'/'  shift 106
	'%'  shift 107
	'!'  shift 108
	'['  shift 109
	'.'  shift 110
	NOT_EQ  reduce 62
	AND  reduce 62
	OR  reduce 62
	EQ  reduce 62
	AND_AS  reduce 62
	OR_AS  reduce 62
	'='  reduce 62
	']'  reduce 62
	'{'  reduce 62
	')'  reduce 62
	';'  reduce 62
	','  reduce 62


state 128
	expresion : expresion . '+' expresion  (56)
	expresion : expresion . '*' expresion  (57)
	expresion : expresion . '/' expresion  (58)
	expresion : expresion . '-' expresion  (59)
	expresion : expresion . '%' expresion  (60)
	expresion : expresion . EQ expresion  (61)
	expresion : expresion . NOT_EQ expresion  (62)
	expresion : expresion . '>' expresion  (63)
	expresion : expresion . '<' expresion  (64)
	expresion : expresion . L_EQ expresion  (65)
	expresion : expresion . G_EQ expresion  (66)
	expresion : expresion . AND expresion  (67)
	expresion : expresion AND expresion .  (67)
	expresion : expresion . OR expresion  (68)
	expresion : expresion . AND_AS expresion  (69)
	expresion : expresion . OR_AS expresion  (70)
	expresion : expresion . '[' expresion ']'  (73)
	expresion : expresion . '.' ID  (74)
	expresion : expresion . '!' expresion  (75)

	NOT_EQ  shift 92
	EQ  shift 95
	L_EQ  shift 96
	G_EQ  shift 97
	'>'  shift 101
	'<'  shift 102
	'+'  shift 103
	'-'  shift 104
	'*'  shift 105
	'/'  shift 106
	'%'  shift 107
	'!'  shift 108
	'['  shift 109
	'.'  shift 110
	AND  reduce 67
	OR  reduce 67
	AND_AS  reduce 67
	OR_AS  reduce 67
	'='  reduce 67
	']'  reduce 67
	'{'  reduce 67
	')'  reduce 67
	';'  reduce 67
	','  reduce 67


state 129
	expresion : expresion . '+' expresion  (56)
	expresion : expresion . '*' expresion  (57)
	expresion : expresion . '/' expresion  (58)
	expresion : expresion . '-' expresion  (59)
	expresion : expresion . '%' expresion  (60)
	expresion : expresion . EQ expresion  (61)
	expresion : expresion . NOT_EQ expresion  (62)
	expresion : expresion . '>' expresion  (63)
	expresion : expresion . '<' expresion  (64)
	expresion : expresion . L_EQ expresion  (65)
	expresion : expresion . G_EQ expresion  (66)
	expresion : expresion . AND expresion  (67)
	expresion : expresion . OR expresion  (68)
	expresion : expresion OR expresion .  (68)
	expresion : expresion . AND_AS expresion  (69)
	expresion : expresion . OR_AS expresion  (70)
	expresion : expresion . '[' expresion ']'  (73)
	expresion : expresion . '.' ID  (74)
	expresion : expresion . '!' expresion  (75)

	NOT_EQ  shift 92
	EQ  shift 95
	L_EQ  shift 96
	G_EQ  shift 97
	'>'  shift 101
	'<'  shift 102
	'+'  shift 103
	'-'  shift 104
	'*'  shift 105
	'/'  shift 106
	'%'  shift 107
	'!'  shift 108
	'['  shift 109
	'.'  shift 110
	AND  reduce 68
	OR  reduce 68
	AND_AS  reduce 68
	OR_AS  reduce 68
	'='  reduce 68
	']'  reduce 68
	'{'  reduce 68
	')'  reduce 68
	';'  reduce 68
	','  reduce 68


state 130
	expresion : expresion . '+' expresion  (56)
	expresion : expresion . '*' expresion  (57)
	expresion : expresion . '/' expresion  (58)
	expresion : expresion . '-' expresion  (59)
	expresion : expresion . '%' expresion  (60)
	expresion : expresion . EQ expresion  (61)
	expresion : expresion EQ expresion .  (61)
	expresion : expresion . NOT_EQ expresion  (62)
	expresion : expresion . '>' expresion  (63)
	expresion : expresion . '<' expresion  (64)
	expresion : expresion . L_EQ expresion  (65)
	expresion : expresion . G_EQ expresion  (66)
	expresion : expresion . AND expresion  (67)
	expresion : expresion . OR expresion  (68)
	expresion : expresion . AND_AS expresion  (69)
	expresion : expresion . OR_AS expresion  (70)
	expresion : expresion . '[' expresion ']'  (73)
	expresion : expresion . '.' ID  (74)
	expresion : expresion . '!' expresion  (75)

	L_EQ  shift 96
	G_EQ  shift 97
	'>'  shift 101
	'<'  shift 102
	'+'  shift 103
	'-'  shift 104
	'*'  shift 105
	'/'  shift 106
	'%'  shift 107
	'!'  shift 108
	'['  shift 109
	'.'  shift 110
	NOT_EQ  reduce 61
	AND  reduce 61
	OR  reduce 61
	EQ  reduce 61
	AND_AS  reduce 61
	OR_AS  reduce 61
	'='  reduce 61
	']'  reduce 61
	'{'  reduce 61
	')'  reduce 61
	';'  reduce 61
	','  reduce 61


state 131
	expresion : expresion . '+' expresion  (56)
	expresion : expresion . '*' expresion  (57)
	expresion : expresion . '/' expresion  (58)
	expresion : expresion . '-' expresion  (59)
	expresion : expresion . '%' expresion  (60)
	expresion : expresion . EQ expresion  (61)
	expresion : expresion . NOT_EQ expresion  (62)
	expresion : expresion . '>' expresion  (63)
	expresion : expresion . '<' expresion  (64)
	expresion : expresion . L_EQ expresion  (65)
	expresion : expresion L_EQ expresion .  (65)
	expresion : expresion . G_EQ expresion  (66)
	expresion : expresion . AND expresion  (67)
	expresion : expresion . OR expresion  (68)
	expresion : expresion . AND_AS expresion  (69)
	expresion : expresion . OR_AS expresion  (70)
	expresion : expresion . '[' expresion ']'  (73)
	expresion : expresion . '.' ID  (74)
	expresion : expresion . '!' expresion  (75)

	'+'  shift 103
	'-'  shift 104
	'*'  shift 105
	'/'  shift 106
	'%'  shift 107
	'!'  shift 108
	'['  shift 109
	'.'  shift 110
	NOT_EQ  reduce 65
	AND  reduce 65
	OR  reduce 65
	EQ  reduce 65
	L_EQ  reduce 65
	G_EQ  reduce 65
	AND_AS  reduce 65
	OR_AS  reduce 65
	'='  reduce 65
	'>'  reduce 65
	'<'  reduce 65
	']'  reduce 65
	'{'  reduce 65
	')'  reduce 65
	';'  reduce 65
	','  reduce 65


state 132
	expresion : expresion . '+' expresion  (56)
	expresion : expresion . '*' expresion  (57)
	expresion : expresion . '/' expresion  (58)
	expresion : expresion . '-' expresion  (59)
	expresion : expresion . '%' expresion  (60)
	expresion : expresion . EQ expresion  (61)
	expresion : expresion . NOT_EQ expresion  (62)
	expresion : expresion . '>' expresion  (63)
	expresion : expresion . '<' expresion  (64)
	expresion : expresion . L_EQ expresion  (65)
	expresion : expresion . G_EQ expresion  (66)
	expresion : expresion G_EQ expresion .  (66)
	expresion : expresion . AND expresion  (67)
	expresion : expresion . OR expresion  (68)
	expresion : expresion . AND_AS expresion  (69)
	expresion : expresion . OR_AS expresion  (70)
	expresion : expresion . '[' expresion ']'  (73)
	expresion : expresion . '.' ID  (74)
	expresion : expresion . '!' expresion  (75)

	'+'  shift 103
	'-'  shift 104
	'*'  shift 105
	'/'  shift 106
	'%'  shift 107
	'!'  shift 108
	'['  shift 109
	'.'  shift 110
	NOT_EQ  reduce 66
	AND  reduce 66
	OR  reduce 66
	EQ  reduce 66
	L_EQ  reduce 66
	G_EQ  reduce 66
	AND_AS  reduce 66
	OR_AS  reduce 66
	'='  reduce 66
	'>'  reduce 66
	'<'  reduce 66
	']'  reduce 66
	'{'  reduce 66
	')'  reduce 66
	';'  reduce 66
	','  reduce 66


state 133
	sentencia : expresion AND_AS expresion . ';'  (44)
	expresion : expresion . '+' expresion  (56)
	expresion : expresion . '*' expresion  (57)
	expresion : expresion . '/' expresion  (58)
	expresion : expresion . '-' expresion  (59)
	expresion : expresion . '%' expresion  (60)
	expresion : expresion . EQ expresion  (61)
	expresion : expresion . NOT_EQ expresion  (62)
	expresion : expresion . '>' expresion  (63)
	expresion : expresion . '<' expresion  (64)
	expresion : expresion . L_EQ expresion  (65)
	expresion : expresion . G_EQ expresion  (66)
	expresion : expresion . AND expresion  (67)
	expresion : expresion . OR expresion  (68)
	expresion : expresion . AND_AS expresion  (69)
	expresion : expresion AND_AS expresion .  (69)
	expresion : expresion . OR_AS expresion  (70)
	expresion : expresion . '[' expresion ']'  (73)
	expresion : expresion . '.' ID  (74)
	expresion : expresion . '!' expresion  (75)

	NOT_EQ  shift 92
	AND  shift 93
	OR  shift 94
	EQ  shift 95
	L_EQ  shift 96
	G_EQ  shift 97
	AND_AS  shift 119
	OR_AS  shift 120
	'>'  shift 101
	'<'  shift 102
	'+'  shift 103
	'-'  shift 104
	'*'  shift 105
	'/'  shift 106
	'%'  shift 107
	'!'  shift 108
	'['  shift 109
	'.'  shift 110
	';'  shift 158
	'='  reduce 69


state 134
	sentencia : expresion OR_AS expresion . ';'  (45)
	expresion : expresion . '+' expresion  (56)
	expresion : expresion . '*' expresion  (57)
	expresion : expresion . '/' expresion  (58)
	expresion : expresion . '-' expresion  (59)
	expresion : expresion . '%' expresion  (60)
	expresion : expresion . EQ expresion  (61)
	expresion : expresion . NOT_EQ expresion  (62)
	expresion : expresion . '>' expresion  (63)
	expresion : expresion . '<' expresion  (64)
	expresion : expresion . L_EQ expresion  (65)
	expresion : expresion . G_EQ expresion  (66)
	expresion : expresion . AND expresion  (67)
	expresion : expresion . OR expresion  (68)
	expresion : expresion . AND_AS expresion  (69)
	expresion : expresion . OR_AS expresion  (70)
	expresion : expresion OR_AS expresion .  (70)
	expresion : expresion . '[' expresion ']'  (73)
	expresion : expresion . '.' ID  (74)
	expresion : expresion . '!' expresion  (75)

	NOT_EQ  shift 92
	AND  shift 93
	OR  shift 94
	EQ  shift 95
	L_EQ  shift 96
	G_EQ  shift 97
	AND_AS  shift 119
	OR_AS  shift 120
	'>'  shift 101
	'<'  shift 102
	'+'  shift 103
	'-'  shift 104
	'*'  shift 105
	'/'  shift 106
	'%'  shift 107
	'!'  shift 108
	'['  shift 109
	'.'  shift 110
	';'  shift 159
	'='  reduce 70


state 135
	sentencia : expresion '=' expresion . ';'  (43)
	expresion : expresion . '+' expresion  (56)
	expresion : expresion . '*' expresion  (57)
	expresion : expresion . '/' expresion  (58)
	expresion : expresion . '-' expresion  (59)
	expresion : expresion . '%' expresion  (60)
	expresion : expresion . EQ expresion  (61)
	expresion : expresion . NOT_EQ expresion  (62)
	expresion : expresion . '>' expresion  (63)
	expresion : expresion . '<' expresion  (64)
	expresion : expresion . L_EQ expresion  (65)
	expresion : expresion . G_EQ expresion  (66)
	expresion : expresion . AND expresion  (67)
	expresion : expresion . OR expresion  (68)
	expresion : expresion . AND_AS expresion  (69)
	expresion : expresion . OR_AS expresion  (70)
	expresion : expresion . '[' expresion ']'  (73)
	expresion : expresion . '.' ID  (74)
	expresion : expresion . '!' expresion  (75)

	NOT_EQ  shift 92
	AND  shift 93
	OR  shift 94
	EQ  shift 95
	L_EQ  shift 96
	G_EQ  shift 97
	AND_AS  shift 119
	OR_AS  shift 120
	'>'  shift 101
	'<'  shift 102
	'+'  shift 103
	'-'  shift 104
	'*'  shift 105
	'/'  shift 106
	'%'  shift 107
	'!'  shift 108
	'['  shift 109
	'.'  shift 110
	';'  shift 160
	.  error


state 136
	expresion : expresion . '+' expresion  (56)
	expresion : expresion . '*' expresion  (57)
	expresion : expresion . '/' expresion  (58)
	expresion : expresion . '-' expresion  (59)
	expresion : expresion . '%' expresion  (60)
	expresion : expresion . EQ expresion  (61)
	expresion : expresion . NOT_EQ expresion  (62)
	expresion : expresion . '>' expresion  (63)
	expresion : expresion '>' expresion .  (63)
	expresion : expresion . '<' expresion  (64)
	expresion : expresion . L_EQ expresion  (65)
	expresion : expresion . G_EQ expresion  (66)
	expresion : expresion . AND expresion  (67)
	expresion : expresion . OR expresion  (68)
	expresion : expresion . AND_AS expresion  (69)
	expresion : expresion . OR_AS expresion  (70)
	expresion : expresion . '[' expresion ']'  (73)
	expresion : expresion . '.' ID  (74)
	expresion : expresion . '!' expresion  (75)

	'+'  shift 103
	'-'  shift 104
	'*'  shift 105
	'/'  shift 106
	'%'  shift 107
	'!'  shift 108
	'['  shift 109
	'.'  shift 110
	NOT_EQ  reduce 63
	AND  reduce 63
	OR  reduce 63
	EQ  reduce 63
	L_EQ  reduce 63
	G_EQ  reduce 63
	AND_AS  reduce 63
	OR_AS  reduce 63
	'='  reduce 63
	'>'  reduce 63
	'<'  reduce 63
	']'  reduce 63
	'{'  reduce 63
	')'  reduce 63
	';'  reduce 63
	','  reduce 63


state 137
	expresion : expresion . '+' expresion  (56)
	expresion : expresion . '*' expresion  (57)
	expresion : expresion . '/' expresion  (58)
	expresion : expresion . '-' expresion  (59)
	expresion : expresion . '%' expresion  (60)
	expresion : expresion . EQ expresion  (61)
	expresion : expresion . NOT_EQ expresion  (62)
	expresion : expresion . '>' expresion  (63)
	expresion : expresion . '<' expresion  (64)
	expresion : expresion '<' expresion .  (64)
	expresion : expresion . L_EQ expresion  (65)
	expresion : expresion . G_EQ expresion  (66)
	expresion : expresion . AND expresion  (67)
	expresion : expresion . OR expresion  (68)
	expresion : expresion . AND_AS expresion  (69)
	expresion : expresion . OR_AS expresion  (70)
	expresion : expresion . '[' expresion ']'  (73)
	expresion : expresion . '.' ID  (74)
	expresion : expresion . '!' expresion  (75)

	'+'  shift 103
	'-'  shift 104
	'*'  shift 105
	'/'  shift 106
	'%'  shift 107
	'!'  shift 108
	'['  shift 109
	'.'  shift 110
	NOT_EQ  reduce 64
	AND  reduce 64
	OR  reduce 64
	EQ  reduce 64
	L_EQ  reduce 64
	G_EQ  reduce 64
	AND_AS  reduce 64
	OR_AS  reduce 64
	'='  reduce 64
	'>'  reduce 64
	'<'  reduce 64
	']'  reduce 64
	'{'  reduce 64
	')'  reduce 64
	';'  reduce 64
	','  reduce 64


state 138
	expresion : expresion . '+' expresion  (56)
	expresion : expresion '+' expresion .  (56)
	expresion : expresion . '*' expresion  (57)
	expresion : expresion . '/' expresion  (58)
	expresion : expresion . '-' expresion  (59)
	expresion : expresion . '%' expresion  (60)
	expresion : expresion . EQ expresion  (61)
	expresion : expresion . NOT_EQ expresion  (62)
	expresion : expresion . '>' expresion  (63)
	expresion : expresion . '<' expresion  (64)
	expresion : expresion . L_EQ expresion  (65)
	expresion : expresion . G_EQ expresion  (66)
	expresion : expresion . AND expresion  (67)
	expresion : expresion . OR expresion  (68)
	expresion : expresion . AND_AS expresion  (69)
	expresion : expresion . OR_AS expresion  (70)
	expresion : expresion . '[' expresion ']'  (73)
	expresion : expresion . '.' ID  (74)
	expresion : expresion . '!' expresion  (75)

	'*'  shift 105
	'/'  shift 106
	'%'  shift 107
	'!'  shift 108
	'['  shift 109
	'.'  shift 110
	NOT_EQ  reduce 56
	AND  reduce 56
	OR  reduce 56
	EQ  reduce 56
	L_EQ  reduce 56
	G_EQ  reduce 56
	AND_AS  reduce 56
	OR_AS  reduce 56
	'='  reduce 56
	'>'  reduce 56
	'<'  reduce 56
	'+'  reduce 56
	'-'  reduce 56
	']'  reduce 56
	'{'  reduce 56
	')'  reduce 56
	';'  reduce 56
	','  reduce 56


state 139
	expresion : expresion . '+' expresion  (56)
	expresion : expresion . '*' expresion  (57)
	expresion : expresion . '/' expresion  (58)
	expresion : expresion . '-' expresion  (59)
	expresion : expresion '-' expresion .  (59)
	expresion : expresion . '%' expresion  (60)
	expresion : expresion . EQ expresion  (61)
	expresion : expresion . NOT_EQ expresion  (62)
	expresion : expresion . '>' expresion  (63)
	expresion : expresion . '<' expresion  (64)
	expresion : expresion . L_EQ expresion  (65)
	expresion : expresion . G_EQ expresion  (66)
	expresion : expresion . AND expresion  (67)
	expresion : expresion . OR expresion  (68)
	expresion : expresion . AND_AS expresion  (69)
	expresion : expresion . OR_AS expresion  (70)
	expresion : expresion . '[' expresion ']'  (73)
	expresion : expresion . '.' ID  (74)
	expresion : expresion . '!' expresion  (75)

	'*'  shift 105
	'/'  shift 106
	'%'  shift 107
	'!'  shift 108
	'['  shift 109
	'.'  shift 110
	NOT_EQ  reduce 59
	AND  reduce 59
	OR  reduce 59
	EQ  reduce 59
	L_EQ  reduce 59
	G_EQ  reduce 59
	AND_AS  reduce 59
	OR_AS  reduce 59
	'='  reduce 59
	'>'  reduce 59
	'<'  reduce 59
	'+'  reduce 59
	'-'  reduce 59
	']'  reduce 59
	'{'  reduce 59
	')'  reduce 59
	';'  reduce 59
	','  reduce 59


state 140
	expresion : expresion . '+' expresion  (56)
	expresion : expresion . '*' expresion  (57)
	expresion : expresion '*' expresion .  (57)
	expresion : expresion . '/' expresion  (58)
	expresion : expresion . '-' expresion  (59)
	expresion : expresion . '%' expresion  (60)
	expresion : expresion . EQ expresion  (61)
	expresion : expresion . NOT_EQ expresion  (62)
	expresion : expresion . '>' expresion  (63)
	expresion : expresion . '<' expresion  (64)
	expresion : expresion . L_EQ expresion  (65)
	expresion : expresion . G_EQ expresion  (66)
	expresion : expresion . AND expresion  (67)
	expresion : expresion . OR expresion  (68)
	expresion : expresion . AND_AS expresion  (69)
	expresion : expresion . OR_AS expresion  (70)
	expresion : expresion . '[' expresion ']'  (73)
	expresion : expresion . '.' ID  (74)
	expresion : expresion . '!' expresion  (75)

	'!'  shift 108
	'['  shift 109
	'.'  shift 110
	NOT_EQ  reduce 57
	AND  reduce 57
	OR  reduce 57
	EQ  reduce 57
	L_EQ  reduce 57
	G_EQ  reduce 57
	AND_AS  reduce 57
	OR_AS  reduce 57
	'='  reduce 57
	'>'  reduce 57
	'<'  reduce 57
	'+'  reduce 57
	'-'  reduce 57
	'*'  reduce 57
	'/'  reduce 57
	'%'  reduce 57
	']'  reduce 57
	'{'  reduce 57
	')'  reduce 57
	';'  reduce 57
	','  reduce 57


state 141
	expresion : expresion . '+' expresion  (56)
	expresion : expresion . '*' expresion  (57)
	expresion : expresion . '/' expresion  (58)
	expresion : expresion '/' expresion .  (58)
	expresion : expresion . '-' expresion  (59)
	expresion : expresion . '%' expresion  (60)
	expresion : expresion . EQ expresion  (61)
	expresion : expresion . NOT_EQ expresion  (62)
	expresion : expresion . '>' expresion  (63)
	expresion : expresion . '<' expresion  (64)
	expresion : expresion . L_EQ expresion  (65)
	expresion : expresion . G_EQ expresion  (66)
	expresion : expresion . AND expresion  (67)
	expresion : expresion . OR expresion  (68)
	expresion : expresion . AND_AS expresion  (69)
	expresion : expresion . OR_AS expresion  (70)
	expresion : expresion . '[' expresion ']'  (73)
	expresion : expresion . '.' ID  (74)
	expresion : expresion . '!' expresion  (75)

	'!'  shift 108
	'['  shift 109
	'.'  shift 110
	NOT_EQ  reduce 58
	AND  reduce 58
	OR  reduce 58
	EQ  reduce 58
	L_EQ  reduce 58
	G_EQ  reduce 58
	AND_AS  reduce 58
	OR_AS  reduce 58
	'='  reduce 58
	'>'  reduce 58
	'<'  reduce 58
	'+'  reduce 58
	'-'  reduce 58
	'*'  reduce 58
	'/'  reduce 58
	'%'  reduce 58
	']'  reduce 58
	'{'  reduce 58
	')'  reduce 58
	';'  reduce 58
	','  reduce 58


state 142
	expresion : expresion . '+' expresion  (56)
	expresion : expresion . '*' expresion  (57)
	expresion : expresion . '/' expresion  (58)
	expresion : expresion . '-' expresion  (59)
	expresion : expresion . '%' expresion  (60)
	expresion : expresion '%' expresion .  (60)
	expresion : expresion . EQ expresion  (61)
	expresion : expresion . NOT_EQ expresion  (62)
	expresion : expresion . '>' expresion  (63)
	expresion : expresion . '<' expresion  (64)
	expresion : expresion . L_EQ expresion  (65)
	expresion : expresion . G_EQ expresion  (66)
	expresion : expresion . AND expresion  (67)
	expresion : expresion . OR expresion  (68)
	expresion : expresion . AND_AS expresion  (69)
	expresion : expresion . OR_AS expresion  (70)
	expresion : expresion . '[' expresion ']'  (73)
	expresion : expresion . '.' ID  (74)
	expresion : expresion . '!' expresion  (75)

	'!'  shift 108
	'['  shift 109
	'.'  shift 110
	NOT_EQ  reduce 60
	AND  reduce 60
	OR  reduce 60
	EQ  reduce 60
	L_EQ  reduce 60
	G_EQ  reduce 60
	AND_AS  reduce 60
	OR_AS  reduce 60
	'='  reduce 60
	'>'  reduce 60
	'<'  reduce 60
	'+'  reduce 60
	'-'  reduce 60
	'*'  reduce 60
	'/'  reduce 60
	'%'  reduce 60
	']'  reduce 60
	'{'  reduce 60
	')'  reduce 60
	';'  reduce 60
	','  reduce 60


state 143
	expresion : expresion . '+' expresion  (56)
	expresion : expresion . '*' expresion  (57)
	expresion : expresion . '/' expresion  (58)
	expresion : expresion . '-' expresion  (59)
	expresion : expresion . '%' expresion  (60)
	expresion : expresion . EQ expresion  (61)
	expresion : expresion . NOT_EQ expresion  (62)
	expresion : expresion . '>' expresion  (63)
	expresion : expresion . '<' expresion  (64)
	expresion : expresion . L_EQ expresion  (65)
	expresion : expresion . G_EQ expresion  (66)
	expresion : expresion . AND expresion  (67)
	expresion : expresion . OR expresion  (68)
	expresion : expresion . AND_AS expresion  (69)
	expresion : expresion . OR_AS expresion  (70)
	expresion : expresion . '[' expresion ']'  (73)
	expresion : expresion . '.' ID  (74)
	expresion : expresion . '!' expresion  (75)
	expresion : expresion '!' expresion .  (75)

	'['  shift 109
	'.'  shift 110
	NOT_EQ  reduce 75
	AND  reduce 75
	OR  reduce 75
	EQ  reduce 75
	L_EQ  reduce 75
	G_EQ  reduce 75
	AND_AS  reduce 75
	OR_AS  reduce 75
	'='  reduce 75
	'>'  reduce 75
	'<'  reduce 75
	'+'  reduce 75
	'-'  reduce 75
	'*'  reduce 75
	'/'  reduce 75
	'%'  reduce 75
	'!'  reduce 75
	']'  reduce 75
	'{'  reduce 75
	')'  reduce 75
	';'  reduce 75
	','  reduce 75


state 144
	expresion : expresion . '+' expresion  (56)
	expresion : expresion . '*' expresion  (57)
	expresion : expresion . '/' expresion  (58)
	expresion : expresion . '-' expresion  (59)
	expresion : expresion . '%' expresion  (60)
	expresion : expresion . EQ expresion  (61)
	expresion : expresion . NOT_EQ expresion  (62)
	expresion : expresion . '>' expresion  (63)
	expresion : expresion . '<' expresion  (64)
	expresion : expresion . L_EQ expresion  (65)
	expresion : expresion . G_EQ expresion  (66)
	expresion : expresion . AND expresion  (67)
	expresion : expresion . OR expresion  (68)
	expresion : expresion . AND_AS expresion  (69)
	expresion : expresion . OR_AS expresion  (70)
	expresion : expresion . '[' expresion ']'  (73)
	expresion : expresion '[' expresion . ']'  (73)
	expresion : expresion . '.' ID  (74)
	expresion : expresion . '!' expresion  (75)

	NOT_EQ  shift 92
	AND  shift 93
	OR  shift 94
	EQ  shift 95
	L_EQ  shift 96
	G_EQ  shift 97
	AND_AS  shift 119
	OR_AS  shift 120
	'>'  shift 101
	'<'  shift 102
	'+'  shift 103
	'-'  shift 104
	'*'  shift 105
	'/'  shift 106
	'%'  shift 107
	'!'  shift 108
	'['  shift 109
	']'  shift 161
	'.'  shift 110
	.  error


state 145
	expresion : expresion '.' ID .  (74)

	.  reduce 74


state 146
	lista_expresiones : lista_expresiones ',' . expresion  (54)

	CTE_ENTERA  shift 60
	CTE_CHAR  shift 61
	CTE_REAL  shift 62
	ID  shift 82
	INT  shift 14
	FLOAT  shift 15
	CHAR  shift 16
	STRUCT  shift 17
	'-'  shift 69
	'!'  shift 70
	'['  shift 18
	'('  shift 72
	.  error

	llaves_array  goto 20
	array  goto 21
	tipo  goto 73
	struct  goto 23
	expresion  goto 162


state 147
	sentencia : ID '(' lista_expresiones_llamada_fun ')' . ';'  (46)
	expresion : ID '(' lista_expresiones_llamada_fun ')' .  (71)

	';'  shift 163
	NOT_EQ  reduce 71
	AND  reduce 71
	OR  reduce 71
	EQ  reduce 71
	L_EQ  reduce 71
	G_EQ  reduce 71
	AND_AS  reduce 71
	OR_AS  reduce 71
	'='  reduce 71
	'>'  reduce 71
	'<'  reduce 71
	'+'  reduce 71
	'-'  reduce 71
	'*'  reduce 71
	'/'  reduce 71
	'%'  reduce 71
	'!'  reduce 71
	'['  reduce 71
	'.'  reduce 71


state 148
	sentencia : READ '(' lista_expresiones ')' . ';'  (39)

	';'  shift 164
	.  error


state 149
	sentencia : WRITE '(' lista_expresiones ')' . ';'  (40)

	';'  shift 165
	.  error


state 150
	expresion : ID '(' lista_expresiones_llamada_fun . ')'  (71)

	')'  shift 166
	.  error


state 151
	while : WHILE '(' expresion ')' . '{' lista_sentencias '}'  (50)
	expresion : '(' expresion ')' .  (77)

	.  reduce 77


state 152
	expresion : expresion . '+' expresion  (56)
	expresion : expresion . '*' expresion  (57)
	expresion : expresion . '/' expresion  (58)
	expresion : expresion . '-' expresion  (59)
	expresion : expresion . '%' expresion  (60)
	expresion : expresion . EQ expresion  (61)
	expresion : expresion . NOT_EQ expresion  (62)
	expresion : expresion . '>' expresion  (63)
	expresion : expresion . '<' expresion  (64)
	expresion : expresion . L_EQ expresion  (65)
	expresion : expresion . G_EQ expresion  (66)
	expresion : expresion . AND expresion  (67)
	expresion : expresion . OR expresion  (68)
	expresion : expresion . AND_AS expresion  (69)
	expresion : expresion AND_AS expresion .  (69)
	expresion : expresion . OR_AS expresion  (70)
	expresion : expresion . '[' expresion ']'  (73)
	expresion : expresion . '.' ID  (74)
	expresion : expresion . '!' expresion  (75)

	NOT_EQ  shift 92
	AND  shift 93
	OR  shift 94
	EQ  shift 95
	L_EQ  shift 96
	G_EQ  shift 97
	AND_AS  shift 119
	OR_AS  shift 120
	'>'  shift 101
	'<'  shift 102
	'+'  shift 103
	'-'  shift 104
	'*'  shift 105
	'/'  shift 106
	'%'  shift 107
	'!'  shift 108
	'['  shift 109
	'.'  shift 110
	'='  reduce 69
	']'  reduce 69
	'{'  reduce 69
	')'  reduce 69
	';'  reduce 69
	','  reduce 69


state 153
	expresion : expresion . '+' expresion  (56)
	expresion : expresion . '*' expresion  (57)
	expresion : expresion . '/' expresion  (58)
	expresion : expresion . '-' expresion  (59)
	expresion : expresion . '%' expresion  (60)
	expresion : expresion . EQ expresion  (61)
	expresion : expresion . NOT_EQ expresion  (62)
	expresion : expresion . '>' expresion  (63)
	expresion : expresion . '<' expresion  (64)
	expresion : expresion . L_EQ expresion  (65)
	expresion : expresion . G_EQ expresion  (66)
	expresion : expresion . AND expresion  (67)
	expresion : expresion . OR expresion  (68)
	expresion : expresion . AND_AS expresion  (69)
	expresion : expresion . OR_AS expresion  (70)
	expresion : expresion OR_AS expresion .  (70)
	expresion : expresion . '[' expresion ']'  (73)
	expresion : expresion . '.' ID  (74)
	expresion : expresion . '!' expresion  (75)

	NOT_EQ  shift 92
	AND  shift 93
	OR  shift 94
	EQ  shift 95
	L_EQ  shift 96
	G_EQ  shift 97
	AND_AS  shift 119
	OR_AS  shift 120
	'>'  shift 101
	'<'  shift 102
	'+'  shift 103
	'-'  shift 104
	'*'  shift 105
	'/'  shift 106
	'%'  shift 107
	'!'  shift 108
	'['  shift 109
	'.'  shift 110
	'='  reduce 70
	']'  reduce 70
	'{'  reduce 70
	')'  reduce 70
	';'  reduce 70
	','  reduce 70


state 154
	lista_sentencias : lista_sentencias . sentencia  (36)
	while : WHILE expresion '{' lista_sentencias . '}'  (51)

	CTE_ENTERA  shift 60
	CTE_CHAR  shift 61
	CTE_REAL  shift 62
	ID  shift 63
	READ  shift 64
	WRITE  shift 65
	WHILE  shift 66
	IF  shift 67
	INT  shift 14
	FLOAT  shift 15
	CHAR  shift 16
	STRUCT  shift 17
	RETURN  shift 68
	'-'  shift 69
	'!'  shift 70
	'['  shift 18
	'}'  shift 168
	'('  shift 72
	.  error

	llaves_array  goto 20
	array  goto 21
	tipo  goto 73
	struct  goto 23
	sentencia  goto 74
	expresion  goto 75
	if_else  goto 76
	while  goto 77


state 155
	if_else : IF '(' expresion ')' . '{' lista_sentencias '}' ELSE '{' lista_sentencias '}'  (49)
	expresion : '(' expresion ')' .  (77)

	.  reduce 77


state 156
	lista_sentencias : lista_sentencias . sentencia  (36)
	if_else : IF expresion '{' lista_sentencias . '}' ELSE '{' lista_sentencias '}'  (47)
	if_else : IF expresion '{' lista_sentencias . '}'  (48)

	CTE_ENTERA  shift 60
	CTE_CHAR  shift 61
	CTE_REAL  shift 62
	ID  shift 63
	READ  shift 64
	WRITE  shift 65
	WHILE  shift 66
	IF  shift 67
	INT  shift 14
	FLOAT  shift 15
	CHAR  shift 16
	STRUCT  shift 17
	RETURN  shift 68
	'-'  shift 69
	'!'  shift 70
	'['  shift 18
	'}'  shift 170
	'('  shift 72
	.  error

	llaves_array  goto 20
	array  goto 21
	tipo  goto 73
	struct  goto 23
	sentencia  goto 74
	expresion  goto 75
	if_else  goto 76
	while  goto 77


state 157
	expresion : tipo '(' expresion ')' .  (72)

	.  reduce 72


state 158
	sentencia : expresion AND_AS expresion ';' .  (44)

	.  reduce 44


state 159
	sentencia : expresion OR_AS expresion ';' .  (45)

	.  reduce 45


state 160
	sentencia : expresion '=' expresion ';' .  (43)

	.  reduce 43


state 161
	expresion : expresion '[' expresion ']' .  (73)

	.  reduce 73


state 162
	lista_expresiones : lista_expresiones ',' expresion .  (54)
	expresion : expresion . '+' expresion  (56)
	expresion : expresion . '*' expresion  (57)
	expresion : expresion . '/' expresion  (58)
	expresion : expresion . '-' expresion  (59)
	expresion : expresion . '%' expresion  (60)
	expresion : expresion . EQ expresion  (61)
	expresion : expresion . NOT_EQ expresion  (62)
	expresion : expresion . '>' expresion  (63)
	expresion : expresion . '<' expresion  (64)
	expresion : expresion . L_EQ expresion  (65)
	expresion : expresion . G_EQ expresion  (66)
	expresion : expresion . AND expresion  (67)
	expresion : expresion . OR expresion  (68)
	expresion : expresion . AND_AS expresion  (69)
	expresion : expresion . OR_AS expresion  (70)
	expresion : expresion . '[' expresion ']'  (73)
	expresion : expresion . '.' ID  (74)
	expresion : expresion . '!' expresion  (75)

	NOT_EQ  shift 92
	AND  shift 93
	OR  shift 94
	EQ  shift 95
	L_EQ  shift 96
	G_EQ  shift 97
	AND_AS  shift 119
	OR_AS  shift 120
	'>'  shift 101
	'<'  shift 102
	'+'  shift 103
	'-'  shift 104
	'*'  shift 105
	'/'  shift 106
	'%'  shift 107
	'!'  shift 108
	'['  shift 109
	'.'  shift 110
	')'  reduce 54
	','  reduce 54


state 163
	sentencia : ID '(' lista_expresiones_llamada_fun ')' ';' .  (46)

	.  reduce 46


state 164
	sentencia : READ '(' lista_expresiones ')' ';' .  (39)

	.  reduce 39


state 165
	sentencia : WRITE '(' lista_expresiones ')' ';' .  (40)

	.  reduce 40


state 166
	expresion : ID '(' lista_expresiones_llamada_fun ')' .  (71)

	.  reduce 71


state 167
	while : WHILE '(' expresion ')' '{' . lista_sentencias '}'  (50)
	lista_sentencias : .  (37)

	.  reduce 37

	lista_sentencias  goto 171


state 168
	while : WHILE expresion '{' lista_sentencias '}' .  (51)

	.  reduce 51


state 169
	if_else : IF '(' expresion ')' '{' . lista_sentencias '}' ELSE '{' lista_sentencias '}'  (49)
	lista_sentencias : .  (37)

	.  reduce 37

	lista_sentencias  goto 172


state 170
	if_else : IF expresion '{' lista_sentencias '}' . ELSE '{' lista_sentencias '}'  (47)
	if_else : IF expresion '{' lista_sentencias '}' .  (48)

	ELSE  shift 173
	CTE_ENTERA  reduce 48
	CTE_CHAR  reduce 48
	CTE_REAL  reduce 48
	ID  reduce 48
	READ  reduce 48
	WRITE  reduce 48
	WHILE  reduce 48
	IF  reduce 48
	INT  reduce 48
	FLOAT  reduce 48
	CHAR  reduce 48
	STRUCT  reduce 48
	RETURN  reduce 48
	'-'  reduce 48
	'!'  reduce 48
	'['  reduce 48
	'}'  reduce 48
	'('  reduce 48


state 171
	lista_sentencias : lista_sentencias . sentencia  (36)
	while : WHILE '(' expresion ')' '{' lista_sentencias . '}'  (50)

	CTE_ENTERA  shift 60
	CTE_CHAR  shift 61
	CTE_REAL  shift 62
	ID  shift 63
	READ  shift 64
	WRITE  shift 65
	WHILE  shift 66
	IF  shift 67
	INT  shift 14
	FLOAT  shift 15
	CHAR  shift 16
	STRUCT  shift 17
	RETURN  shift 68
	'-'  shift 69
	'!'  shift 70
	'['  shift 18
	'}'  shift 174
	'('  shift 72
	.  error

	llaves_array  goto 20
	array  goto 21
	tipo  goto 73
	struct  goto 23
	sentencia  goto 74
	expresion  goto 75
	if_else  goto 76
	while  goto 77


state 172
	lista_sentencias : lista_sentencias . sentencia  (36)
	if_else : IF '(' expresion ')' '{' lista_sentencias . '}' ELSE '{' lista_sentencias '}'  (49)

	CTE_ENTERA  shift 60
	CTE_CHAR  shift 61
	CTE_REAL  shift 62
	ID  shift 63
	READ  shift 64
	WRITE  shift 65
	WHILE  shift 66
	IF  shift 67
	INT  shift 14
	FLOAT  shift 15
	CHAR  shift 16
	STRUCT  shift 17
	RETURN  shift 68
	'-'  shift 69
	'!'  shift 70
	'['  shift 18
	'}'  shift 175
	'('  shift 72
	.  error

	llaves_array  goto 20
	array  goto 21
	tipo  goto 73
	struct  goto 23
	sentencia  goto 74
	expresion  goto 75
	if_else  goto 76
	while  goto 77


state 173
	if_else : IF expresion '{' lista_sentencias '}' ELSE . '{' lista_sentencias '}'  (47)

	'{'  shift 176
	.  error


state 174
	while : WHILE '(' expresion ')' '{' lista_sentencias '}' .  (50)

	.  reduce 50


state 175
	if_else : IF '(' expresion ')' '{' lista_sentencias '}' . ELSE '{' lista_sentencias '}'  (49)

	ELSE  shift 177
	.  error


state 176
	if_else : IF expresion '{' lista_sentencias '}' ELSE '{' . lista_sentencias '}'  (47)
	lista_sentencias : .  (37)

	.  reduce 37

	lista_sentencias  goto 178


state 177
	if_else : IF '(' expresion ')' '{' lista_sentencias '}' ELSE . '{' lista_sentencias '}'  (49)

	'{'  shift 179
	.  error


state 178
	lista_sentencias : lista_sentencias . sentencia  (36)
	if_else : IF expresion '{' lista_sentencias '}' ELSE '{' lista_sentencias . '}'  (47)

	CTE_ENTERA  shift 60
	CTE_CHAR  shift 61
	CTE_REAL  shift 62
	ID  shift 63
	READ  shift 64
	WRITE  shift 65
	WHILE  shift 66
	IF  shift 67
	INT  shift 14
	FLOAT  shift 15
	CHAR  shift 16
	STRUCT  shift 17
	RETURN  shift 68
	'-'  shift 69
	'!'  shift 70
	'['  shift 18
	'}'  shift 180
	'('  shift 72
	.  error

	llaves_array  goto 20
	array  goto 21
	tipo  goto 73
	struct  goto 23
	sentencia  goto 74
	expresion  goto 75
	if_else  goto 76
	while  goto 77


state 179
	if_else : IF '(' expresion ')' '{' lista_sentencias '}' ELSE '{' . lista_sentencias '}'  (49)
	lista_sentencias : .  (37)

	.  reduce 37

	lista_sentencias  goto 181


state 180
	if_else : IF expresion '{' lista_sentencias '}' ELSE '{' lista_sentencias '}' .  (47)

	.  reduce 47


state 181
	lista_sentencias : lista_sentencias . sentencia  (36)
	if_else : IF '(' expresion ')' '{' lista_sentencias '}' ELSE '{' lista_sentencias . '}'  (49)

	CTE_ENTERA  shift 60
	CTE_CHAR  shift 61
	CTE_REAL  shift 62
	ID  shift 63
	READ  shift 64
	WRITE  shift 65
	WHILE  shift 66
	IF  shift 67
	INT  shift 14
	FLOAT  shift 15
	CHAR  shift 16
	STRUCT  shift 17
	RETURN  shift 68
	'-'  shift 69
	'!'  shift 70
	'['  shift 18
	'}'  shift 182
	'('  shift 72
	.  error

	llaves_array  goto 20
	array  goto 21
	tipo  goto 73
	struct  goto 23
	sentencia  goto 74
	expresion  goto 75
	if_else  goto 76
	while  goto 77


state 182
	if_else : IF '(' expresion ')' '{' lista_sentencias '}' ELSE '{' lista_sentencias '}' .  (49)

	.  reduce 49


49 terminals, 28 nonterminals
83 grammar rules, 183 states
